2017-12-20 17:12:52,759 [http-bio-8086-exec-6] [org.mybatis.spring.SqlSessionUtils]-[DEBUG] Releasing transactional SqlSession [org.apache.ibatis.session.defaults.DefaultSqlSession@86e0a98]
2017-12-20 17:12:52,760 [http-bio-8086-exec-6] [org.mybatis.spring.SqlSessionUtils]-[DEBUG] Fetched SqlSession [org.apache.ibatis.session.defaults.DefaultSqlSession@86e0a98] from current transaction
2017-12-20 17:12:52,760 [http-bio-8086-exec-6] [com.taotao.mapper.TbOrderShippingMapper.insert]-[DEBUG] ==>  Preparing: insert into tb_order_shipping (order_id, receiver_name, receiver_phone, receiver_mobile, receiver_state, receiver_city, receiver_district, receiver_address, receiver_zip, created, updated) values (?, ?, ?, ?, ?, ?, ?, ?, ?, ?, ?) 
2017-12-20 17:12:52,761 [http-bio-8086-exec-6] [com.taotao.mapper.TbOrderShippingMapper.insert]-[DEBUG] ==> Parameters: 100549(String), 入云龙(String), null, 15891588888(String), 北京(String), 北京(String), 昌平区(String), 西三旗 xxxxxxxxx(String), null, 2017-12-20 17:12:52.748(Timestamp), 2017-12-20 17:12:52.748(Timestamp)
2017-12-20 17:12:52,762 [http-bio-8086-exec-6] [com.taotao.mapper.TbOrderShippingMapper.insert]-[DEBUG] <==    Updates: 1
2017-12-20 17:12:52,763 [http-bio-8086-exec-6] [org.mybatis.spring.SqlSessionUtils]-[DEBUG] Releasing transactional SqlSession [org.apache.ibatis.session.defaults.DefaultSqlSession@86e0a98]
2017-12-20 17:12:52,763 [http-bio-8086-exec-6] [org.mybatis.spring.SqlSessionUtils]-[DEBUG] Transaction synchronization committing SqlSession [org.apache.ibatis.session.defaults.DefaultSqlSession@86e0a98]
2017-12-20 17:12:52,763 [http-bio-8086-exec-6] [org.mybatis.spring.SqlSessionUtils]-[DEBUG] Transaction synchronization deregistering SqlSession [org.apache.ibatis.session.defaults.DefaultSqlSession@86e0a98]
2017-12-20 17:12:52,763 [http-bio-8086-exec-6] [org.mybatis.spring.SqlSessionUtils]-[DEBUG] Transaction synchronization closing SqlSession [org.apache.ibatis.session.defaults.DefaultSqlSession@86e0a98]
2017-12-20 17:12:52,763 [http-bio-8086-exec-6] [org.springframework.jdbc.datasource.DataSourceTransactionManager]-[DEBUG] Initiating transaction commit
2017-12-20 17:12:52,763 [http-bio-8086-exec-6] [org.springframework.jdbc.datasource.DataSourceTransactionManager]-[DEBUG] Committing JDBC transaction on Connection [com.mysql.jdbc.JDBC4Connection@bff8c39]
2017-12-20 17:12:52,772 [http-bio-8086-exec-6] [org.springframework.jdbc.datasource.DataSourceTransactionManager]-[DEBUG] Releasing JDBC Connection [com.mysql.jdbc.JDBC4Connection@bff8c39] after transaction
2017-12-20 17:12:52,772 [http-bio-8086-exec-6] [org.springframework.jdbc.datasource.DataSourceUtils]-[DEBUG] Returning JDBC Connection to DataSource
2017-12-20 17:12:52,773 [http-bio-8086-exec-6] [org.springframework.web.servlet.mvc.method.annotation.ResponseBodyAdviceChain]-[DEBUG] Invoking ResponseBodyAdvice chain for body=com.taotao.common.pojo.TaotaoResult@485ba95
2017-12-20 17:12:52,774 [http-bio-8086-exec-6] [org.springframework.web.servlet.mvc.method.annotation.ResponseBodyAdviceChain]-[DEBUG] After ResponseBodyAdvice chain body=com.taotao.common.pojo.TaotaoResult@485ba95
2017-12-20 17:12:52,774 [http-bio-8086-exec-6] [org.springframework.web.servlet.mvc.method.annotation.RequestResponseBodyMethodProcessor]-[DEBUG] Written [com.taotao.common.pojo.TaotaoResult@485ba95] as "application/json;charset=UTF-8" using [org.springframework.http.converter.json.MappingJackson2HttpMessageConverter@68bb3357]
2017-12-20 17:12:52,774 [http-bio-8086-exec-6] [org.springframework.web.servlet.DispatcherServlet]-[DEBUG] Null ModelAndView returned to DispatcherServlet with name 'taotao-order': assuming HandlerAdapter completed request handling
2017-12-20 17:12:52,774 [http-bio-8086-exec-6] [org.springframework.web.servlet.DispatcherServlet]-[DEBUG] Successfully completed request
2017-12-20 17:14:43,817 [http-bio-8086-exec-8] [org.springframework.web.servlet.DispatcherServlet]-[DEBUG] DispatcherServlet with name 'taotao-order' processing POST request for [/order/create]
2017-12-20 17:14:43,817 [http-bio-8086-exec-8] [org.springframework.web.servlet.mvc.method.annotation.RequestMappingHandlerMapping]-[DEBUG] Looking up handler method for path /create
2017-12-20 17:14:43,818 [http-bio-8086-exec-8] [org.springframework.web.servlet.mvc.method.annotation.RequestMappingHandlerMapping]-[DEBUG] Returning handler method [public com.taotao.common.pojo.TaotaoResult com.taotao.order.controller.OrderController.createOrder(com.taotao.order.pojo.Order)]
2017-12-20 17:14:43,818 [http-bio-8086-exec-8] [org.springframework.beans.factory.support.DefaultListableBeanFactory]-[DEBUG] Returning cached instance of singleton bean 'orderController'
2017-12-20 17:14:43,818 [http-bio-8086-exec-8] [org.springframework.web.servlet.mvc.method.annotation.RequestResponseBodyMethodProcessor]-[DEBUG] Reading [class com.taotao.order.pojo.Order] as "application/json;charset=UTF-8" using [org.springframework.http.converter.json.MappingJackson2HttpMessageConverter@68bb3357]
2017-12-20 17:14:43,819 [http-bio-8086-exec-8] [org.springframework.jdbc.datasource.DataSourceTransactionManager]-[DEBUG] Creating new transaction with name [com.taotao.order.service.impl.OrderServiceImpl.createOreder]: PROPAGATION_REQUIRED,ISOLATION_DEFAULT
2017-12-20 17:14:43,819 [http-bio-8086-exec-8] [org.springframework.jdbc.datasource.DataSourceTransactionManager]-[DEBUG] Acquired Connection [com.mysql.jdbc.JDBC4Connection@bff8c39] for JDBC transaction
2017-12-20 17:14:43,819 [http-bio-8086-exec-8] [org.springframework.jdbc.datasource.DataSourceTransactionManager]-[DEBUG] Switching JDBC Connection [com.mysql.jdbc.JDBC4Connection@bff8c39] to manual commit
2017-12-20 17:14:43,822 [http-bio-8086-exec-8] [org.mybatis.spring.SqlSessionUtils]-[DEBUG] Creating a new SqlSession
2017-12-20 17:14:43,822 [http-bio-8086-exec-8] [org.mybatis.spring.SqlSessionUtils]-[DEBUG] Registering transaction synchronization for SqlSession [org.apache.ibatis.session.defaults.DefaultSqlSession@153714f6]
2017-12-20 17:14:43,822 [http-bio-8086-exec-8] [org.mybatis.spring.transaction.SpringManagedTransaction]-[DEBUG] JDBC Connection [com.mysql.jdbc.JDBC4Connection@bff8c39] will be managed by Spring
2017-12-20 17:14:43,823 [http-bio-8086-exec-8] [com.taotao.mapper.TbOrderMapper.insert]-[DEBUG] ==>  Preparing: insert into tb_order (order_id, payment, payment_type, post_fee, status, create_time, update_time, payment_time, consign_time, end_time, close_time, shipping_name, shipping_code, user_id, buyer_message, buyer_nick, buyer_rate) values (?, ?, ?, ?, ?, ?, ?, ?, ?, ?, ?, ?, ?, ?, ?, ?, ?) 
2017-12-20 17:14:43,824 [http-bio-8086-exec-8] [com.taotao.mapper.TbOrderMapper.insert]-[DEBUG] ==> Parameters: 100550(String), 8388.00(String), 1(Integer), null, 1(Integer), 2017-12-20 17:14:43.822(Timestamp), 2017-12-20 17:14:43.822(Timestamp), null, null, null, null, null, null, null, null, null, 0(Integer)
2017-12-20 17:14:43,825 [http-bio-8086-exec-8] [com.taotao.mapper.TbOrderMapper.insert]-[DEBUG] <==    Updates: 1
2017-12-20 17:14:43,825 [http-bio-8086-exec-8] [org.mybatis.spring.SqlSessionUtils]-[DEBUG] Releasing transactional SqlSession [org.apache.ibatis.session.defaults.DefaultSqlSession@153714f6]
2017-12-20 17:14:43,826 [http-bio-8086-exec-8] [org.mybatis.spring.SqlSessionUtils]-[DEBUG] Fetched SqlSession [org.apache.ibatis.session.defaults.DefaultSqlSession@153714f6] from current transaction
2017-12-20 17:14:43,826 [http-bio-8086-exec-8] [com.taotao.mapper.TbOrderItemMapper.insert]-[DEBUG] ==>  Preparing: insert into tb_order_item (id, item_id, order_id, num, title, price, total_fee, pic_path) values (?, ?, ?, ?, ?, ?, ?, ?) 
2017-12-20 17:14:43,827 [http-bio-8086-exec-8] [com.taotao.mapper.TbOrderItemMapper.insert]-[DEBUG] ==> Parameters: 5(String), 151297549819452(String), 100550(String), 1(Integer), Apple iPhone X (A1865) 64GB 银色 移动联通电信4G手机(String), 838800(Long), 838800(Long), http://192.168.133.128/images/2017-12-11/1512975325808118.jpg(String)
2017-12-20 17:14:43,828 [http-bio-8086-exec-8] [com.taotao.mapper.TbOrderItemMapper.insert]-[DEBUG] <==    Updates: 1
2017-12-20 17:14:43,828 [http-bio-8086-exec-8] [org.mybatis.spring.SqlSessionUtils]-[DEBUG] Releasing transactional SqlSession [org.apache.ibatis.session.defaults.DefaultSqlSession@153714f6]
2017-12-20 17:14:43,828 [http-bio-8086-exec-8] [org.mybatis.spring.SqlSessionUtils]-[DEBUG] Fetched SqlSession [org.apache.ibatis.session.defaults.DefaultSqlSession@153714f6] from current transaction
2017-12-20 17:14:43,828 [http-bio-8086-exec-8] [com.taotao.mapper.TbOrderShippingMapper.insert]-[DEBUG] ==>  Preparing: insert into tb_order_shipping (order_id, receiver_name, receiver_phone, receiver_mobile, receiver_state, receiver_city, receiver_district, receiver_address, receiver_zip, created, updated) values (?, ?, ?, ?, ?, ?, ?, ?, ?, ?, ?) 
2017-12-20 17:14:43,829 [http-bio-8086-exec-8] [com.taotao.mapper.TbOrderShippingMapper.insert]-[DEBUG] ==> Parameters: 100550(String), 入云龙(String), null, 15891588888(String), 北京(String), 北京(String), 昌平区(String), 西三旗 xxxxxxxxx(String), null, 2017-12-20 17:14:43.822(Timestamp), 2017-12-20 17:14:43.822(Timestamp)
2017-12-20 17:14:43,830 [http-bio-8086-exec-8] [com.taotao.mapper.TbOrderShippingMapper.insert]-[DEBUG] <==    Updates: 1
2017-12-20 17:14:43,830 [http-bio-8086-exec-8] [org.mybatis.spring.SqlSessionUtils]-[DEBUG] Releasing transactional SqlSession [org.apache.ibatis.session.defaults.DefaultSqlSession@153714f6]
2017-12-20 17:14:43,830 [http-bio-8086-exec-8] [org.mybatis.spring.SqlSessionUtils]-[DEBUG] Transaction synchronization committing SqlSession [org.apache.ibatis.session.defaults.DefaultSqlSession@153714f6]
2017-12-20 17:14:43,830 [http-bio-8086-exec-8] [org.mybatis.spring.SqlSessionUtils]-[DEBUG] Transaction synchronization deregistering SqlSession [org.apache.ibatis.session.defaults.DefaultSqlSession@153714f6]
2017-12-20 17:14:43,830 [http-bio-8086-exec-8] [org.mybatis.spring.SqlSessionUtils]-[DEBUG] Transaction synchronization closing SqlSession [org.apache.ibatis.session.defaults.DefaultSqlSession@153714f6]
2017-12-20 17:14:43,830 [http-bio-8086-exec-8] [org.springframework.jdbc.datasource.DataSourceTransactionManager]-[DEBUG] Initiating transaction commit
2017-12-20 17:14:43,830 [http-bio-8086-exec-8] [org.springframework.jdbc.datasource.DataSourceTransactionManager]-[DEBUG] Committing JDBC transaction on Connection [com.mysql.jdbc.JDBC4Connection@bff8c39]
2017-12-20 17:14:43,835 [http-bio-8086-exec-8] [org.springframework.jdbc.datasource.DataSourceTransactionManager]-[DEBUG] Releasing JDBC Connection [com.mysql.jdbc.JDBC4Connection@bff8c39] after transaction
2017-12-20 17:14:43,835 [http-bio-8086-exec-8] [org.springframework.jdbc.datasource.DataSourceUtils]-[DEBUG] Returning JDBC Connection to DataSource
2017-12-20 17:14:43,837 [http-bio-8086-exec-8] [org.springframework.web.servlet.mvc.method.annotation.ResponseBodyAdviceChain]-[DEBUG] Invoking ResponseBodyAdvice chain for body=com.taotao.common.pojo.TaotaoResult@41987e8d
2017-12-20 17:14:43,837 [http-bio-8086-exec-8] [org.springframework.web.servlet.mvc.method.annotation.ResponseBodyAdviceChain]-[DEBUG] After ResponseBodyAdvice chain body=com.taotao.common.pojo.TaotaoResult@41987e8d
2017-12-20 17:14:43,837 [http-bio-8086-exec-8] [org.springframework.web.servlet.mvc.method.annotation.RequestResponseBodyMethodProcessor]-[DEBUG] Written [com.taotao.common.pojo.TaotaoResult@41987e8d] as "application/json;charset=UTF-8" using [org.springframework.http.converter.json.MappingJackson2HttpMessageConverter@68bb3357]
2017-12-20 17:14:43,837 [http-bio-8086-exec-8] [org.springframework.web.servlet.DispatcherServlet]-[DEBUG] Null ModelAndView returned to DispatcherServlet with name 'taotao-order': assuming HandlerAdapter completed request handling
2017-12-20 17:14:43,837 [http-bio-8086-exec-8] [org.springframework.web.servlet.DispatcherServlet]-[DEBUG] Successfully completed request
2017-12-20 17:18:07,231 [http-bio-8086-exec-10] [org.springframework.web.servlet.DispatcherServlet]-[DEBUG] DispatcherServlet with name 'taotao-order' processing POST request for [/order/create]
2017-12-20 17:18:07,232 [http-bio-8086-exec-10] [org.springframework.web.servlet.mvc.method.annotation.RequestMappingHandlerMapping]-[DEBUG] Looking up handler method for path /create
2017-12-20 17:18:07,233 [http-bio-8086-exec-10] [org.springframework.web.servlet.mvc.method.annotation.RequestMappingHandlerMapping]-[DEBUG] Returning handler method [public com.taotao.common.pojo.TaotaoResult com.taotao.order.controller.OrderController.createOrder(com.taotao.order.pojo.Order)]
2017-12-20 17:18:07,233 [http-bio-8086-exec-10] [org.springframework.beans.factory.support.DefaultListableBeanFactory]-[DEBUG] Returning cached instance of singleton bean 'orderController'
2017-12-20 17:18:07,234 [http-bio-8086-exec-10] [org.springframework.web.servlet.mvc.method.annotation.RequestResponseBodyMethodProcessor]-[DEBUG] Reading [class com.taotao.order.pojo.Order] as "application/json;charset=UTF-8" using [org.springframework.http.converter.json.MappingJackson2HttpMessageConverter@68bb3357]
2017-12-20 17:18:07,235 [http-bio-8086-exec-10] [org.springframework.jdbc.datasource.DataSourceTransactionManager]-[DEBUG] Creating new transaction with name [com.taotao.order.service.impl.OrderServiceImpl.createOreder]: PROPAGATION_REQUIRED,ISOLATION_DEFAULT
2017-12-20 17:18:07,236 [http-bio-8086-exec-10] [org.springframework.jdbc.datasource.DataSourceTransactionManager]-[DEBUG] Acquired Connection [com.mysql.jdbc.JDBC4Connection@bff8c39] for JDBC transaction
2017-12-20 17:18:07,236 [http-bio-8086-exec-10] [org.springframework.jdbc.datasource.DataSourceTransactionManager]-[DEBUG] Switching JDBC Connection [com.mysql.jdbc.JDBC4Connection@bff8c39] to manual commit
2017-12-20 17:18:07,240 [http-bio-8086-exec-10] [org.mybatis.spring.SqlSessionUtils]-[DEBUG] Creating a new SqlSession
2017-12-20 17:18:07,240 [http-bio-8086-exec-10] [org.mybatis.spring.SqlSessionUtils]-[DEBUG] Registering transaction synchronization for SqlSession [org.apache.ibatis.session.defaults.DefaultSqlSession@44d9b923]
2017-12-20 17:18:07,240 [http-bio-8086-exec-10] [org.mybatis.spring.transaction.SpringManagedTransaction]-[DEBUG] JDBC Connection [com.mysql.jdbc.JDBC4Connection@bff8c39] will be managed by Spring
2017-12-20 17:18:07,240 [http-bio-8086-exec-10] [com.taotao.mapper.TbOrderMapper.insert]-[DEBUG] ==>  Preparing: insert into tb_order (order_id, payment, payment_type, post_fee, status, create_time, update_time, payment_time, consign_time, end_time, close_time, shipping_name, shipping_code, user_id, buyer_message, buyer_nick, buyer_rate) values (?, ?, ?, ?, ?, ?, ?, ?, ?, ?, ?, ?, ?, ?, ?, ?, ?) 
2017-12-20 17:18:07,246 [http-bio-8086-exec-10] [com.taotao.mapper.TbOrderMapper.insert]-[DEBUG] ==> Parameters: 100551(String), 16776.00(String), 1(Integer), null, 1(Integer), 2017-12-20 17:18:07.24(Timestamp), 2017-12-20 17:18:07.24(Timestamp), null, null, null, null, null, null, null, null, null, 0(Integer)
2017-12-20 17:18:07,279 [http-bio-8086-exec-10] [com.taotao.mapper.TbOrderMapper.insert]-[DEBUG] <==    Updates: 1
2017-12-20 17:18:07,279 [http-bio-8086-exec-10] [org.mybatis.spring.SqlSessionUtils]-[DEBUG] Releasing transactional SqlSession [org.apache.ibatis.session.defaults.DefaultSqlSession@44d9b923]
2017-12-20 17:18:07,280 [http-bio-8086-exec-10] [org.mybatis.spring.SqlSessionUtils]-[DEBUG] Fetched SqlSession [org.apache.ibatis.session.defaults.DefaultSqlSession@44d9b923] from current transaction
2017-12-20 17:18:07,280 [http-bio-8086-exec-10] [com.taotao.mapper.TbOrderItemMapper.insert]-[DEBUG] ==>  Preparing: insert into tb_order_item (id, item_id, order_id, num, title, price, total_fee, pic_path) values (?, ?, ?, ?, ?, ?, ?, ?) 
2017-12-20 17:18:07,282 [http-bio-8086-exec-10] [com.taotao.mapper.TbOrderItemMapper.insert]-[DEBUG] ==> Parameters: 6(String), 151297549819452(String), 100551(String), 2(Integer), Apple iPhone X (A1865) 64GB 银色 移动联通电信4G手机(String), 838800(Long), 1677600(Long), http://192.168.133.128/images/2017-12-11/1512975325808118.jpg(String)
2017-12-20 17:18:07,294 [http-bio-8086-exec-10] [com.taotao.mapper.TbOrderItemMapper.insert]-[DEBUG] <==    Updates: 1
2017-12-20 17:18:07,294 [http-bio-8086-exec-10] [org.mybatis.spring.SqlSessionUtils]-[DEBUG] Releasing transactional SqlSession [org.apache.ibatis.session.defaults.DefaultSqlSession@44d9b923]
2017-12-20 17:18:07,294 [http-bio-8086-exec-10] [org.mybatis.spring.SqlSessionUtils]-[DEBUG] Fetched SqlSession [org.apache.ibatis.session.defaults.DefaultSqlSession@44d9b923] from current transaction
2017-12-20 17:18:07,294 [http-bio-8086-exec-10] [com.taotao.mapper.TbOrderShippingMapper.insert]-[DEBUG] ==>  Preparing: insert into tb_order_shipping (order_id, receiver_name, receiver_phone, receiver_mobile, receiver_state, receiver_city, receiver_district, receiver_address, receiver_zip, created, updated) values (?, ?, ?, ?, ?, ?, ?, ?, ?, ?, ?) 
2017-12-20 17:18:07,296 [http-bio-8086-exec-10] [com.taotao.mapper.TbOrderShippingMapper.insert]-[DEBUG] ==> Parameters: 100551(String), 入云龙(String), null, 15891588888(String), 北京(String), 北京(String), 昌平区(String), 西三旗 xxxxxxxxx(String), null, 2017-12-20 17:18:07.24(Timestamp), 2017-12-20 17:18:07.24(Timestamp)
2017-12-20 17:18:07,296 [http-bio-8086-exec-10] [com.taotao.mapper.TbOrderShippingMapper.insert]-[DEBUG] <==    Updates: 1
2017-12-20 17:18:07,296 [http-bio-8086-exec-10] [org.mybatis.spring.SqlSessionUtils]-[DEBUG] Releasing transactional SqlSession [org.apache.ibatis.session.defaults.DefaultSqlSession@44d9b923]
2017-12-20 17:18:07,296 [http-bio-8086-exec-10] [org.mybatis.spring.SqlSessionUtils]-[DEBUG] Transaction synchronization committing SqlSession [org.apache.ibatis.session.defaults.DefaultSqlSession@44d9b923]
2017-12-20 17:18:07,296 [http-bio-8086-exec-10] [org.mybatis.spring.SqlSessionUtils]-[DEBUG] Transaction synchronization deregistering SqlSession [org.apache.ibatis.session.defaults.DefaultSqlSession@44d9b923]
2017-12-20 17:18:07,297 [http-bio-8086-exec-10] [org.mybatis.spring.SqlSessionUtils]-[DEBUG] Transaction synchronization closing SqlSession [org.apache.ibatis.session.defaults.DefaultSqlSession@44d9b923]
2017-12-20 17:18:07,297 [http-bio-8086-exec-10] [org.springframework.jdbc.datasource.DataSourceTransactionManager]-[DEBUG] Initiating transaction commit
2017-12-20 17:18:07,297 [http-bio-8086-exec-10] [org.springframework.jdbc.datasource.DataSourceTransactionManager]-[DEBUG] Committing JDBC transaction on Connection [com.mysql.jdbc.JDBC4Connection@bff8c39]
2017-12-20 17:18:07,302 [http-bio-8086-exec-10] [org.springframework.jdbc.datasource.DataSourceTransactionManager]-[DEBUG] Releasing JDBC Connection [com.mysql.jdbc.JDBC4Connection@bff8c39] after transaction
2017-12-20 17:18:07,302 [http-bio-8086-exec-10] [org.springframework.jdbc.datasource.DataSourceUtils]-[DEBUG] Returning JDBC Connection to DataSource
2017-12-20 17:18:07,303 [http-bio-8086-exec-10] [org.springframework.web.servlet.mvc.method.annotation.ResponseBodyAdviceChain]-[DEBUG] Invoking ResponseBodyAdvice chain for body=com.taotao.common.pojo.TaotaoResult@3264f507
2017-12-20 17:18:07,303 [http-bio-8086-exec-10] [org.springframework.web.servlet.mvc.method.annotation.ResponseBodyAdviceChain]-[DEBUG] After ResponseBodyAdvice chain body=com.taotao.common.pojo.TaotaoResult@3264f507
2017-12-20 17:18:07,304 [http-bio-8086-exec-10] [org.springframework.web.servlet.mvc.method.annotation.RequestResponseBodyMethodProcessor]-[DEBUG] Written [com.taotao.common.pojo.TaotaoResult@3264f507] as "application/json;charset=UTF-8" using [org.springframework.http.converter.json.MappingJackson2HttpMessageConverter@68bb3357]
2017-12-20 17:18:07,304 [http-bio-8086-exec-10] [org.springframework.web.servlet.DispatcherServlet]-[DEBUG] Null ModelAndView returned to DispatcherServlet with name 'taotao-order': assuming HandlerAdapter completed request handling
2017-12-20 17:18:07,304 [http-bio-8086-exec-10] [org.springframework.web.servlet.DispatcherServlet]-[DEBUG] Successfully completed request
2017-12-20 17:25:03,946 [http-bio-8086-exec-2] [org.springframework.web.servlet.DispatcherServlet]-[DEBUG] DispatcherServlet with name 'taotao-order' processing POST request for [/order/create]
2017-12-20 17:25:03,947 [http-bio-8086-exec-2] [org.springframework.web.servlet.mvc.method.annotation.RequestMappingHandlerMapping]-[DEBUG] Looking up handler method for path /create
2017-12-20 17:25:03,948 [http-bio-8086-exec-2] [org.springframework.web.servlet.mvc.method.annotation.RequestMappingHandlerMapping]-[DEBUG] Returning handler method [public com.taotao.common.pojo.TaotaoResult com.taotao.order.controller.OrderController.createOrder(com.taotao.order.pojo.Order)]
2017-12-20 17:25:03,948 [http-bio-8086-exec-2] [org.springframework.beans.factory.support.DefaultListableBeanFactory]-[DEBUG] Returning cached instance of singleton bean 'orderController'
2017-12-20 17:25:03,949 [http-bio-8086-exec-2] [org.springframework.web.servlet.mvc.method.annotation.RequestResponseBodyMethodProcessor]-[DEBUG] Reading [class com.taotao.order.pojo.Order] as "application/json;charset=UTF-8" using [org.springframework.http.converter.json.MappingJackson2HttpMessageConverter@68bb3357]
2017-12-20 17:25:03,949 [http-bio-8086-exec-2] [org.springframework.jdbc.datasource.DataSourceTransactionManager]-[DEBUG] Creating new transaction with name [com.taotao.order.service.impl.OrderServiceImpl.createOreder]: PROPAGATION_REQUIRED,ISOLATION_DEFAULT
2017-12-20 17:25:03,950 [http-bio-8086-exec-2] [org.springframework.jdbc.datasource.DataSourceTransactionManager]-[DEBUG] Acquired Connection [com.mysql.jdbc.JDBC4Connection@bff8c39] for JDBC transaction
2017-12-20 17:25:03,951 [http-bio-8086-exec-2] [org.springframework.jdbc.datasource.DataSourceTransactionManager]-[DEBUG] Switching JDBC Connection [com.mysql.jdbc.JDBC4Connection@bff8c39] to manual commit
2017-12-20 17:25:03,957 [http-bio-8086-exec-2] [org.mybatis.spring.SqlSessionUtils]-[DEBUG] Creating a new SqlSession
2017-12-20 17:25:03,957 [http-bio-8086-exec-2] [org.mybatis.spring.SqlSessionUtils]-[DEBUG] Registering transaction synchronization for SqlSession [org.apache.ibatis.session.defaults.DefaultSqlSession@f947780]
2017-12-20 17:25:03,958 [http-bio-8086-exec-2] [org.mybatis.spring.transaction.SpringManagedTransaction]-[DEBUG] JDBC Connection [com.mysql.jdbc.JDBC4Connection@bff8c39] will be managed by Spring
2017-12-20 17:25:03,958 [http-bio-8086-exec-2] [com.taotao.mapper.TbOrderMapper.insert]-[DEBUG] ==>  Preparing: insert into tb_order (order_id, payment, payment_type, post_fee, status, create_time, update_time, payment_time, consign_time, end_time, close_time, shipping_name, shipping_code, user_id, buyer_message, buyer_nick, buyer_rate) values (?, ?, ?, ?, ?, ?, ?, ?, ?, ?, ?, ?, ?, ?, ?, ?, ?) 
2017-12-20 17:25:03,960 [http-bio-8086-exec-2] [com.taotao.mapper.TbOrderMapper.insert]-[DEBUG] ==> Parameters: 100552(String), 8388.00(String), 1(Integer), null, 1(Integer), 2017-12-20 17:25:03.956(Timestamp), 2017-12-20 17:25:03.956(Timestamp), null, null, null, null, null, null, null, null, null, 0(Integer)
2017-12-20 17:25:04,004 [http-bio-8086-exec-2] [com.taotao.mapper.TbOrderMapper.insert]-[DEBUG] <==    Updates: 1
2017-12-20 17:25:04,005 [http-bio-8086-exec-2] [org.mybatis.spring.SqlSessionUtils]-[DEBUG] Releasing transactional SqlSession [org.apache.ibatis.session.defaults.DefaultSqlSession@f947780]
2017-12-20 17:25:04,006 [http-bio-8086-exec-2] [org.mybatis.spring.SqlSessionUtils]-[DEBUG] Fetched SqlSession [org.apache.ibatis.session.defaults.DefaultSqlSession@f947780] from current transaction
2017-12-20 17:25:04,006 [http-bio-8086-exec-2] [com.taotao.mapper.TbOrderItemMapper.insert]-[DEBUG] ==>  Preparing: insert into tb_order_item (id, item_id, order_id, num, title, price, total_fee, pic_path) values (?, ?, ?, ?, ?, ?, ?, ?) 
2017-12-20 17:25:04,007 [http-bio-8086-exec-2] [com.taotao.mapper.TbOrderItemMapper.insert]-[DEBUG] ==> Parameters: 7(String), 151297549819452(String), 100552(String), 1(Integer), Apple iPhone X (A1865) 64GB 银色 移动联通电信4G手机(String), 838800(Long), 838800(Long), http://192.168.133.128/images/2017-12-11/1512975325808118.jpg(String)
2017-12-20 17:25:04,008 [http-bio-8086-exec-2] [com.taotao.mapper.TbOrderItemMapper.insert]-[DEBUG] <==    Updates: 1
2017-12-20 17:25:04,008 [http-bio-8086-exec-2] [org.mybatis.spring.SqlSessionUtils]-[DEBUG] Releasing transactional SqlSession [org.apache.ibatis.session.defaults.DefaultSqlSession@f947780]
2017-12-20 17:25:04,008 [http-bio-8086-exec-2] [org.mybatis.spring.SqlSessionUtils]-[DEBUG] Fetched SqlSession [org.apache.ibatis.session.defaults.DefaultSqlSession@f947780] from current transaction
2017-12-20 17:25:04,008 [http-bio-8086-exec-2] [com.taotao.mapper.TbOrderShippingMapper.insert]-[DEBUG] ==>  Preparing: insert into tb_order_shipping (order_id, receiver_name, receiver_phone, receiver_mobile, receiver_state, receiver_city, receiver_district, receiver_address, receiver_zip, created, updated) values (?, ?, ?, ?, ?, ?, ?, ?, ?, ?, ?) 
2017-12-20 17:25:04,009 [http-bio-8086-exec-2] [com.taotao.mapper.TbOrderShippingMapper.insert]-[DEBUG] ==> Parameters: 100552(String), 入云龙(String), null, 15891588888(String), 北京(String), 北京(String), 昌平区(String), 西三旗 xxxxxxxxx(String), null, 2017-12-20 17:25:03.956(Timestamp), 2017-12-20 17:25:03.956(Timestamp)
2017-12-20 17:25:04,010 [http-bio-8086-exec-2] [com.taotao.mapper.TbOrderShippingMapper.insert]-[DEBUG] <==    Updates: 1
2017-12-20 17:25:04,010 [http-bio-8086-exec-2] [org.mybatis.spring.SqlSessionUtils]-[DEBUG] Releasing transactional SqlSession [org.apache.ibatis.session.defaults.DefaultSqlSession@f947780]
2017-12-20 17:25:04,010 [http-bio-8086-exec-2] [org.mybatis.spring.SqlSessionUtils]-[DEBUG] Transaction synchronization committing SqlSession [org.apache.ibatis.session.defaults.DefaultSqlSession@f947780]
2017-12-20 17:25:04,010 [http-bio-8086-exec-2] [org.mybatis.spring.SqlSessionUtils]-[DEBUG] Transaction synchronization deregistering SqlSession [org.apache.ibatis.session.defaults.DefaultSqlSession@f947780]
2017-12-20 17:25:04,010 [http-bio-8086-exec-2] [org.mybatis.spring.SqlSessionUtils]-[DEBUG] Transaction synchronization closing SqlSession [org.apache.ibatis.session.defaults.DefaultSqlSession@f947780]
2017-12-20 17:25:04,010 [http-bio-8086-exec-2] [org.springframework.jdbc.datasource.DataSourceTransactionManager]-[DEBUG] Initiating transaction commit
2017-12-20 17:25:04,010 [http-bio-8086-exec-2] [org.springframework.jdbc.datasource.DataSourceTransactionManager]-[DEBUG] Committing JDBC transaction on Connection [com.mysql.jdbc.JDBC4Connection@bff8c39]
2017-12-20 17:25:04,037 [http-bio-8086-exec-2] [org.springframework.jdbc.datasource.DataSourceTransactionManager]-[DEBUG] Releasing JDBC Connection [com.mysql.jdbc.JDBC4Connection@bff8c39] after transaction
2017-12-20 17:25:04,037 [http-bio-8086-exec-2] [org.springframework.jdbc.datasource.DataSourceUtils]-[DEBUG] Returning JDBC Connection to DataSource
2017-12-20 17:25:04,039 [http-bio-8086-exec-2] [org.springframework.web.servlet.mvc.method.annotation.ResponseBodyAdviceChain]-[DEBUG] Invoking ResponseBodyAdvice chain for body=com.taotao.common.pojo.TaotaoResult@532f613d
2017-12-20 17:25:04,039 [http-bio-8086-exec-2] [org.springframework.web.servlet.mvc.method.annotation.ResponseBodyAdviceChain]-[DEBUG] After ResponseBodyAdvice chain body=com.taotao.common.pojo.TaotaoResult@532f613d
2017-12-20 17:25:04,040 [http-bio-8086-exec-2] [org.springframework.web.servlet.mvc.method.annotation.RequestResponseBodyMethodProcessor]-[DEBUG] Written [com.taotao.common.pojo.TaotaoResult@532f613d] as "application/json;charset=UTF-8" using [org.springframework.http.converter.json.MappingJackson2HttpMessageConverter@68bb3357]
2017-12-20 17:25:04,040 [http-bio-8086-exec-2] [org.springframework.web.servlet.DispatcherServlet]-[DEBUG] Null ModelAndView returned to DispatcherServlet with name 'taotao-order': assuming HandlerAdapter completed request handling
2017-12-20 17:25:04,040 [http-bio-8086-exec-2] [org.springframework.web.servlet.DispatcherServlet]-[DEBUG] Successfully completed request
